Using pre-set license
Built from '2021.3/staging' branch; Version is '2021.3.24f1 (cf10dcf7010d) revision 13570268'; Using compiler version '192829333'; Build Type 'Release'
OS: 'Windows 10  (10.0.19045) 64bit CoreSingleLanguage' Language: 'tr' Physical Memory: 16269 MB
BatchMode: 1, IsHumanControllingUs: 0, StartBugReporterOnCrash: 0, Is64bit: 1, IsPro: 1

COMMAND LINE ARGUMENTS:
C:\Program Files\Unity\Hub\Editor\2021.3.24f1\Editor\Unity.exe
-adb2
-batchMode
-noUpm
-name
AssetImportWorker2
-projectPath
C:/UnityGames/UnityGitHub/Tetris/Tetris
-logFile
Logs/AssetImportWorker2.log
-srvPort
50256
Successfully changed project path to: C:/UnityGames/UnityGitHub/Tetris/Tetris
C:/UnityGames/UnityGitHub/Tetris/Tetris
[UnityMemory] Configuration Parameters - Can be set up in boot.config
    "memorysetup-bucket-allocator-granularity=16"
    "memorysetup-bucket-allocator-bucket-count=8"
    "memorysetup-bucket-allocator-block-size=33554432"
    "memorysetup-bucket-allocator-block-count=8"
    "memorysetup-main-allocator-block-size=16777216"
    "memorysetup-thread-allocator-block-size=16777216"
    "memorysetup-gfx-main-allocator-block-size=16777216"
    "memorysetup-gfx-thread-allocator-block-size=16777216"
    "memorysetup-cache-allocator-block-size=4194304"
    "memorysetup-typetree-allocator-block-size=2097152"
    "memorysetup-profiler-bucket-allocator-granularity=16"
    "memorysetup-profiler-bucket-allocator-bucket-count=8"
    "memorysetup-profiler-bucket-allocator-block-size=33554432"
    "memorysetup-profiler-bucket-allocator-block-count=8"
    "memorysetup-profiler-allocator-block-size=16777216"
    "memorysetup-profiler-editor-allocator-block-size=1048576"
    "memorysetup-temp-allocator-size-main=16777216"
    "memorysetup-job-temp-allocator-block-size=2097152"
    "memorysetup-job-temp-allocator-block-size-background=1048576"
    "memorysetup-job-temp-allocator-reduction-small-platforms=262144"
    "memorysetup-temp-allocator-size-background-worker=32768"
    "memorysetup-temp-allocator-size-job-worker=262144"
    "memorysetup-temp-allocator-size-preload-manager=33554432"
    "memorysetup-temp-allocator-size-nav-mesh-worker=65536"
    "memorysetup-temp-allocator-size-audio-worker=65536"
    "memorysetup-temp-allocator-size-cloud-worker=32768"
    "memorysetup-temp-allocator-size-gi-baking-worker=262144"
    "memorysetup-temp-allocator-size-gfx=262144"
Player connection [3420] Host "[IP] 192.168.1.3 [Port] 0 [Flags] 2 [Guid] 259787694 [EditorId] 259787694 [Version] 1048832 [Id] WindowsEditor(7,SemihD) [Debug] 1 [PackageName] WindowsEditor [ProjectName] Editor" joined multi-casting on [225.0.0.222:54997]...

Player connection [3420] Host "[IP] 192.168.1.3 [Port] 0 [Flags] 2 [Guid] 259787694 [EditorId] 259787694 [Version] 1048832 [Id] WindowsEditor(7,SemihD) [Debug] 1 [PackageName] WindowsEditor [ProjectName] Editor" joined alternative multi-casting on [225.0.0.222:34997]...

Refreshing native plugins compatible for Editor in 115.47 ms, found 4 plugins.
Preloading 0 native plugins for Editor in 0.00 ms.
Initialize engine version: 2021.3.24f1 (cf10dcf7010d)
[Subsystems] Discovering subsystems at path C:/Program Files/Unity/Hub/Editor/2021.3.24f1/Editor/Data/Resources/UnitySubsystems
[Subsystems] Discovering subsystems at path C:/UnityGames/UnityGitHub/Tetris/Tetris/Assets
GfxDevice: creating device client; threaded=0; jobified=0
Direct3D:
    Version:  Direct3D 11.0 [level 11.1]
    Renderer: NVIDIA GeForce GTX 1050 (ID=0x1c8d)
    Vendor:   NVIDIA
    VRAM:     4018 MB
    Driver:   31.0.15.3623
Initialize mono
Mono path[0] = 'C:/Program Files/Unity/Hub/Editor/2021.3.24f1/Editor/Data/Managed'
Mono path[1] = 'C:/Program Files/Unity/Hub/Editor/2021.3.24f1/Editor/Data/MonoBleedingEdge/lib/mono/unityjit-win32'
Mono config path = 'C:/Program Files/Unity/Hub/Editor/2021.3.24f1/Editor/Data/MonoBleedingEdge/etc'
Using monoOptions --debugger-agent=transport=dt_socket,embedding=1,server=y,suspend=n,address=127.0.0.1:56544
Begin MonoManager ReloadAssembly
Registering precompiled unity dll's ...
Register platform support module: C:/Program Files/Unity/Hub/Editor/2021.3.24f1/Editor/Data/PlaybackEngines/WebGLSupport/UnityEditor.WebGL.Extensions.dll
Register platform support module: C:/Program Files/Unity/Hub/Editor/2021.3.24f1/Editor/Data/PlaybackEngines/AndroidPlayer/UnityEditor.Android.Extensions.dll
Register platform support module: C:/Program Files/Unity/Hub/Editor/2021.3.24f1/Editor/Data/PlaybackEngines/WindowsStandaloneSupport/UnityEditor.WindowsStandalone.Extensions.dll
Registered in 0.012653 seconds.
Native extension for WindowsStandalone target not found
Native extension for Android target not found
Android Extension - Scanning For ADB Devices 415 ms
Native extension for WebGL target not found
Refreshing native plugins compatible for Editor in 105.10 ms, found 4 plugins.
Preloading 0 native plugins for Editor in 0.00 ms.
Mono: successfully reloaded assembly
- Completed reload, in  1.341 seconds
Domain Reload Profiling:
	ReloadAssembly (1342ms)
		BeginReloadAssembly (118ms)
			ExecutionOrderSort (0ms)
			DisableScriptedObjects (0ms)
			BackupInstance (0ms)
			ReleaseScriptingObjects (0ms)
			CreateAndSetChildDomain (1ms)
		EndReloadAssembly (1063ms)
			LoadAssemblies (116ms)
			RebuildTransferFunctionScriptingTraits (0ms)
			SetupTypeCache (158ms)
			ReleaseScriptCaches (0ms)
			RebuildScriptCaches (40ms)
			SetupLoadedEditorAssemblies (790ms)
				LogAssemblyErrors (0ms)
				InitializePlatformSupportModulesInManaged (506ms)
				SetLoadedEditorAssemblies (0ms)
				RefreshPlugins (105ms)
				BeforeProcessingInitializeOnLoad (2ms)
				ProcessInitializeOnLoadAttributes (121ms)
				ProcessInitializeOnLoadMethodAttributes (56ms)
				AfterProcessingInitializeOnLoad (0ms)
				EditorAssembliesLoaded (0ms)
			ExecutionOrderSort2 (0ms)
			AwakeInstancesAfterBackupRestoration (0ms)
Platform modules already initialized, skipping
Registering precompiled user dll's ...
Registered in 0.011279 seconds.
Begin MonoManager ReloadAssembly
Symbol file LoadedFromMemory doesn't match image C:\UnityGames\UnityGitHub\Tetris\Tetris\Library\PackageCache\com.unity.visualscripting@1.8.0\Editor\VisualScripting.Core\Dependencies\YamlDotNet\Unity.VisualScripting.YamlDotNet.dll
Symbol file LoadedFromMemory doesn't match image C:\UnityGames\UnityGitHub\Tetris\Tetris\Library\PackageCache\com.unity.visualscripting@1.8.0\Editor\VisualScripting.Core\Dependencies\DotNetZip\Unity.VisualScripting.IonicZip.dll
Native extension for WindowsStandalone target not found
Native extension for Android target not found
Native extension for WebGL target not found
Refreshing native plugins compatible for Editor in 140.27 ms, found 4 plugins.
Preloading 0 native plugins for Editor in 0.00 ms.
Mono: successfully reloaded assembly
- Completed reload, in  8.001 seconds
Domain Reload Profiling:
	ReloadAssembly (8002ms)
		BeginReloadAssembly (175ms)
			ExecutionOrderSort (0ms)
			DisableScriptedObjects (11ms)
			BackupInstance (0ms)
			ReleaseScriptingObjects (0ms)
			CreateAndSetChildDomain (27ms)
		EndReloadAssembly (7542ms)
			LoadAssemblies (6246ms)
			RebuildTransferFunctionScriptingTraits (0ms)
			SetupTypeCache (352ms)
			ReleaseScriptCaches (1ms)
			RebuildScriptCaches (73ms)
			SetupLoadedEditorAssemblies (813ms)
				LogAssemblyErrors (0ms)
				InitializePlatformSupportModulesInManaged (24ms)
				SetLoadedEditorAssemblies (0ms)
				RefreshPlugins (140ms)
				BeforeProcessingInitializeOnLoad (190ms)
				ProcessInitializeOnLoadAttributes (376ms)
				ProcessInitializeOnLoadMethodAttributes (67ms)
				AfterProcessingInitializeOnLoad (15ms)
				EditorAssembliesLoaded (0ms)
			ExecutionOrderSort2 (0ms)
			AwakeInstancesAfterBackupRestoration (6ms)
Platform modules already initialized, skipping
========================================================================
Worker process is ready to serve import requests
Launched and connected shader compiler UnityShaderCompiler.exe after 0.09 seconds
Refreshing native plugins compatible for Editor in 0.95 ms, found 4 plugins.
Preloading 0 native plugins for Editor in 0.00 ms.
Unloading 3738 Unused Serialized files (Serialized files now loaded: 0)
Unloading 41 unused Assets / (229.1 KB). Loaded Objects now: 4195.
Memory consumption went from 142.9 MB to 142.7 MB.
Total: 4.102300 ms (FindLiveObjects: 0.332300 ms CreateObjectMapping: 0.257800 ms MarkObjects: 3.286200 ms  DeleteObjects: 0.225200 ms)

AssetImportParameters requested are different than current active one (requested -> active):
  custom:video-decoder-ogg-theora: a1e56fd34408186e4bbccfd4996cb3dc -> 
  custom:container-muxer-webm: aa71ff27fc2769a1b78a27578f13a17b -> 
  custom:container-demuxer-webm: 4f35f7cbe854078d1ac9338744f61a02 -> 
  custom:video-encoder-webm-vp8: eb34c28f22e8b96e1ab97ce403110664 -> 
  custom:audio-encoder-webm-vorbis: bf7c407c2cedff20999df2af8eb42d56 -> 
  custom:framework-win-MediaFoundation: 216162199b28c13a410421893ffa2e32 -> 
  custom:container-demuxer-ogg: 62fdf1f143b41e24485cea50d1cbac27 -> 
  custom:video-decoder-webm-vp8: 9c59270c3fd7afecdb556c50c9e8de78 -> 
  custom:audio-decoder-ogg-vorbis: bf7c407c2cedff20999df2af8eb42d56 -> 
========================================================================
Received Import Request.
  Time since last request: 1235478.360703 seconds.
  path: Assets/Sprites/UISprites/baslaSprite.png
  artifactKey: Guid(c826e6dafd9a3f1438b2aafc71e83c65) Importer(815301076,1909f56bfc062723c751e8b465ee728b)
Start importing Assets/Sprites/UISprites/baslaSprite.png using Guid(c826e6dafd9a3f1438b2aafc71e83c65) Importer(815301076,1909f56bfc062723c751e8b465ee728b)  -> (artifact id: '57c1bd2a24ab3ebe0dad821bbd9ac340') in 0.231150 seconds 
========================================================================
Received Import Request.
  Time since last request: 0.000035 seconds.
  path: Assets/Sprites/UISprites/musicSoundOn.png
  artifactKey: Guid(814cc1ed9b8dd224a9cfe4d17973c8f4) Importer(815301076,1909f56bfc062723c751e8b465ee728b)
Start importing Assets/Sprites/UISprites/musicSoundOn.png using Guid(814cc1ed9b8dd224a9cfe4d17973c8f4) Importer(815301076,1909f56bfc062723c751e8b465ee728b)  -> (artifact id: 'aefe6c37ec55a0e99c796e7fbc3c5063') in 0.030802 seconds 
========================================================================
Received Import Request.
  Time since last request: 0.000055 seconds.
  path: Assets/Sprites/UISprites/rotateBtn.png
  artifactKey: Guid(bdf59db8559c61f42b0bda673aba38a9) Importer(815301076,1909f56bfc062723c751e8b465ee728b)
Start importing Assets/Sprites/UISprites/rotateBtn.png using Guid(bdf59db8559c61f42b0bda673aba38a9) Importer(815301076,1909f56bfc062723c751e8b465ee728b)  -> (artifact id: '44c53eda719d479acda070dc068a77d2') in 0.032261 seconds 
========================================================================
Received Import Request.
  Time since last request: 0.000029 seconds.
  path: Assets/Sprites/UISprites/soundBtn_2.png
  artifactKey: Guid(bbad33c14034c654387c3de5e36c307c) Importer(815301076,1909f56bfc062723c751e8b465ee728b)
Start importing Assets/Sprites/UISprites/soundBtn_2.png using Guid(bbad33c14034c654387c3de5e36c307c) Importer(815301076,1909f56bfc062723c751e8b465ee728b)  -> (artifact id: '3075aa528c281c97f8ecd64b336e1df7') in 0.026825 seconds 
========================================================================
Received Import Request.
  Time since last request: 0.000033 seconds.
  path: Assets/Sprites/UISprites/fxSoundOff.png
  artifactKey: Guid(382705b4440ad4e4d83a2a84e7925f66) Importer(815301076,1909f56bfc062723c751e8b465ee728b)
Start importing Assets/Sprites/UISprites/fxSoundOff.png using Guid(382705b4440ad4e4d83a2a84e7925f66) Importer(815301076,1909f56bfc062723c751e8b465ee728b)  -> (artifact id: '260e83d4b139ace8db68bdfde25cac70') in 0.029052 seconds 
========================================================================
Received Import Request.
  Time since last request: 0.000063 seconds.
  path: Assets/Sprites/UISprites/geriDon.png
  artifactKey: Guid(035a41f804dc17d46bd2c5155ebf5bce) Importer(815301076,1909f56bfc062723c751e8b465ee728b)
Start importing Assets/Sprites/UISprites/geriDon.png using Guid(035a41f804dc17d46bd2c5155ebf5bce) Importer(815301076,1909f56bfc062723c751e8b465ee728b)  -> (artifact id: '83ab2ed6ed74336d55652b3d716edb5a') in 0.031604 seconds 
========================================================================
Received Import Request.
  Time since last request: 0.000036 seconds.
  path: Assets/Sprites/UISprites/lines.png
  artifactKey: Guid(f229c7a533b40064ab2f58285b9bf010) Importer(815301076,1909f56bfc062723c751e8b465ee728b)
Start importing Assets/Sprites/UISprites/lines.png using Guid(f229c7a533b40064ab2f58285b9bf010) Importer(815301076,1909f56bfc062723c751e8b465ee728b)  -> (artifact id: 'e5c5d0354e7efb65d13506f961dad56b') in 0.021781 seconds 
========================================================================
Received Import Request.
  Time since last request: 0.000022 seconds.
  path: Assets/Sprites/UISprites/tekrarOynabtn.png
  artifactKey: Guid(13f5207d9c02bdb418a3d86d79c5e8ae) Importer(815301076,1909f56bfc062723c751e8b465ee728b)
Start importing Assets/Sprites/UISprites/tekrarOynabtn.png using Guid(13f5207d9c02bdb418a3d86d79c5e8ae) Importer(815301076,1909f56bfc062723c751e8b465ee728b)  -> (artifact id: '96da1b11880796b71047144868d6b2a3') in 0.023321 seconds 
========================================================================
Received Import Request.
  Time since last request: 0.000035 seconds.
  path: Assets/Sprites/UISprites/pause.png
  artifactKey: Guid(358f26c7033b4964c8d3455b41f63427) Importer(815301076,1909f56bfc062723c751e8b465ee728b)
Start importing Assets/Sprites/UISprites/pause.png using Guid(358f26c7033b4964c8d3455b41f63427) Importer(815301076,1909f56bfc062723c751e8b465ee728b)  -> (artifact id: 'a603aadec6e4e720ff9fb9217868f47e') in 0.026822 seconds 
========================================================================
Received Import Request.
  Time since last request: 0.000042 seconds.
  path: Assets/Sprites/UISprites/fxSoundOn.png
  artifactKey: Guid(f523e07828e1714478e06097b5743635) Importer(815301076,1909f56bfc062723c751e8b465ee728b)
Start importing Assets/Sprites/UISprites/fxSoundOn.png using Guid(f523e07828e1714478e06097b5743635) Importer(815301076,1909f56bfc062723c751e8b465ee728b)  -> (artifact id: '50abb6fd0987e7de6d37e2cd9ddac243') in 0.026683 seconds 
========================================================================
Received Import Request.
  Time since last request: 0.000027 seconds.
  path: Assets/Sprites/UISprites/leftRotate.png
  artifactKey: Guid(cfa1572d9ae7be94e8b71ec04d705e7c) Importer(815301076,1909f56bfc062723c751e8b465ee728b)
Start importing Assets/Sprites/UISprites/leftRotate.png using Guid(cfa1572d9ae7be94e8b71ec04d705e7c) Importer(815301076,1909f56bfc062723c751e8b465ee728b)  -> (artifact id: '86d0e6a202f0fa26e424ce181c436425') in 0.027429 seconds 
========================================================================
Received Import Request.
  Time since last request: 0.000031 seconds.
  path: Assets/Sprites/UISprites/numberBack.png
  artifactKey: Guid(d9f7a6019260059478f6fb9f8a16c818) Importer(815301076,1909f56bfc062723c751e8b465ee728b)
Start importing Assets/Sprites/UISprites/numberBack.png using Guid(d9f7a6019260059478f6fb9f8a16c818) Importer(815301076,1909f56bfc062723c751e8b465ee728b)  -> (artifact id: 'd46b5a3c54814212ae2bab6e02d72ec6') in 0.023648 seconds 
========================================================================
Received Import Request.
  Time since last request: 951.097229 seconds.
  path: Assets/Fonts/Roboto-BoldItalic.ttf
  artifactKey: Guid(c0205fc4fcc13b944bc97995d0b07174) Importer(815301076,1909f56bfc062723c751e8b465ee728b)
Start importing Assets/Fonts/Roboto-BoldItalic.ttf using Guid(c0205fc4fcc13b944bc97995d0b07174) Importer(815301076,1909f56bfc062723c751e8b465ee728b)  -> (artifact id: '706b4d98c606d16db9076d55d762853d') in 0.115471 seconds 
========================================================================
Received Import Request.
  Time since last request: 42.573870 seconds.
  path: Assets/TextMesh Pro/Resources/Fonts & Materials/LiberationSans SDF.asset
  artifactKey: Guid(8f586378b4e144a9851e7b34d9b748ee) Importer(815301076,1909f56bfc062723c751e8b465ee728b)
Start importing Assets/TextMesh Pro/Resources/Fonts & Materials/LiberationSans SDF.asset using Guid(8f586378b4e144a9851e7b34d9b748ee) Importer(815301076,1909f56bfc062723c751e8b465ee728b)  -> (artifact id: 'a4b99b01e9276c3ac613405cdb6a1a16') in 0.278588 seconds 
========================================================================
Received Import Request.
  Time since last request: 66.581594 seconds.
  path: Assets/Fonts/Roboto-BoldItalic SDF.asset
  artifactKey: Guid(aaf97d8ab241ef44188388f403523549) Importer(815301076,1909f56bfc062723c751e8b465ee728b)
Start importing Assets/Fonts/Roboto-BoldItalic SDF.asset using Guid(aaf97d8ab241ef44188388f403523549) Importer(815301076,1909f56bfc062723c751e8b465ee728b) Shader 'TextMeshPro/Distance Field': fallback shader 'TextMeshPro/Mobile/Distance Field' not found
 -> (artifact id: '0d3d427b48fa82d6bbc16977fc779e8e') in 0.144725 seconds 
========================================================================
Received Import Request.
  Time since last request: 235.959332 seconds.
  path: Assets/Sprites/Tetris
  artifactKey: Guid(d1e855154e4f5d5409a79a006b68ad4f) Importer(815301076,1909f56bfc062723c751e8b465ee728b)
Start importing Assets/Sprites/Tetris using Guid(d1e855154e4f5d5409a79a006b68ad4f) Importer(815301076,1909f56bfc062723c751e8b465ee728b)  -> (artifact id: 'fdc6fea1f6845c46a305b653cdd3c35c') in 0.024889 seconds 
